<?xml version="1.0" encoding="UTF-8"?>
<!-- Generated by org.testng.reporters.JUnitXMLReporter -->
<testsuite ignored="0" hostname="Shalu" failures="0" tests="4" name="Default test" time="153.035" errors="0" timestamp="2025-04-01T22:13:57 IST">
  <testcase classname="com.qa.shopping.tests.HomePageTest" name="loginPageTitleTest" time="47.677"/>
  <testcase classname="com.qa.shopping.tests.HomePageTest" name="doSearchItem" time="9.541"/>
  <testcase classname="com.qa.shopping.tests.HomePageTest" name="doSearchItemClick" time="64.655"/>
  <testcase classname="com.qa.shopping.tests.HomePageTest" name="moveTop" time="26.645"/>
</testsuite> <!-- Default test -->
